<?xml version="1.0" encoding="UTF-8"?>
<!-- Generated by org.testng.reporters.JUnitReportReporter -->
<testsuite hostname="M5-L-CNM8103" failures="0" tests="8" name="com.qa.test.apitestusingrestassured" time="1.797" errors="0" timestamp="2021-08-15T20:26:41 IST" skipped="0">
  <testcase classname="com.qa.test.apitestusingrestassured" name="ListsAllCustomerDetails" time="1.639"/>
  <system-out>
    <![CDATA[Successfully Retrieved the LIST_ALL_CUSTOMERS Response]]>
  </system-out>
  <testcase classname="com.qa.test.apitestusingrestassured" name="CustomerDetailsFound1" time="0.021"/>
  <system-out>
    <![CDATA[Successfully Retrieved the CUSTOMERDETAILS-1 Response]]>
  </system-out>
  <testcase classname="com.qa.test.apitestusingrestassured" name="CustomerDetailsFound2" time="0.023"/>
  <system-out>
    <![CDATA[Successfully Retrieved the CUSTOMERDETAILS-2 Response]]>
  </system-out>
  <testcase classname="com.qa.test.apitestusingrestassured" name="CustomerDetailsFound3" time="0.024"/>
  <system-out>
    <![CDATA[Successfully Retrieved the CUSTOMERDETAILS-3 Response]]>
  </system-out>
  <testcase classname="com.qa.test.apitestusingrestassured" name="CustomerDetailsFound4" time="0.022"/>
  <system-out>
    <![CDATA[Successfully Retrieved the CUSTOMERDETAILS-4 Response]]>
  </system-out>
  <testcase classname="com.qa.test.apitestusingrestassured" name="CustomerDetailsFound5" time="0.022"/>
  <system-out>
    <![CDATA[Successfully Retrieved the CUSTOMERDETAILS-5 Response]]>
  </system-out>
  <testcase classname="com.qa.test.apitestusingrestassured" name="CustomerDetailsFound6" time="0.020"/>
  <system-out>
    <![CDATA[Successfully Retrieved the CUSTOMERDETAILS-6 Response]]>
  </system-out>
  <testcase classname="com.qa.test.apitestusingrestassured" name="CustomerDetailsNotFound" time="0.026"/>
  <system-out>
    <![CDATA[Successfully checked the ERROR Scenario CustomerDetailsNotFound]]>
  </system-out>
</testsuite> <!-- com.qa.test.apitestusingrestassured -->
