<?xml version="1.0" encoding="UTF-8"?>
<!-- Generated by org.testng.reporters.JUnitReportReporter -->
<testsuite hostname="M5-L-CNM8103" failures="0" tests="8" name="com.qa.test.AutomateApiUsingRestassured" time="2.049" errors="0" timestamp="2021-08-15T20:54:37 IST" skipped="0">
  <testcase classname="com.qa.test.AutomateApiUsingRestassured" name="ListsAllCustomerDetails" time="1.888"/>
  <system-out>
    <![CDATA[Successfully Retrieved the LIST_ALL_CUSTOMERS Response]]>
  </system-out>
  <testcase classname="com.qa.test.AutomateApiUsingRestassured" name="CustomerDetailsFound1" time="0.021"/>
  <system-out>
    <![CDATA[Successfully Retrieved the CUSTOMERDETAILS-1 Response]]>
  </system-out>
  <testcase classname="com.qa.test.AutomateApiUsingRestassured" name="CustomerDetailsFound2" time="0.021"/>
  <system-out>
    <![CDATA[Successfully Retrieved the CUSTOMERDETAILS-2 Response]]>
  </system-out>
  <testcase classname="com.qa.test.AutomateApiUsingRestassured" name="CustomerDetailsFound3" time="0.032"/>
  <system-out>
    <![CDATA[Successfully Retrieved the CUSTOMERDETAILS-3 Response]]>
  </system-out>
  <testcase classname="com.qa.test.AutomateApiUsingRestassured" name="CustomerDetailsFound4" time="0.023"/>
  <system-out>
    <![CDATA[Successfully Retrieved the CUSTOMERDETAILS-4 Response]]>
  </system-out>
  <testcase classname="com.qa.test.AutomateApiUsingRestassured" name="CustomerDetailsFound5" time="0.018"/>
  <system-out>
    <![CDATA[Successfully Retrieved the CUSTOMERDETAILS-5 Response]]>
  </system-out>
  <testcase classname="com.qa.test.AutomateApiUsingRestassured" name="CustomerDetailsFound6" time="0.021"/>
  <system-out>
    <![CDATA[Successfully Retrieved the CUSTOMERDETAILS-6 Response]]>
  </system-out>
  <testcase classname="com.qa.test.AutomateApiUsingRestassured" name="CustomerDetailsNotFound" time="0.025"/>
  <system-out>
    <![CDATA[Successfully checked the ERROR Scenario CustomerDetailsNotFound]]>
  </system-out>
</testsuite> <!-- com.qa.test.AutomateApiUsingRestassured -->
